0 info it worked if it ends with ok
1 verbose cli [ '/home/bago/.nvm/versions/node/v6.14.4/bin/node',
1 verbose cli   '/home/bago/.nvm/versions/node/v6.14.4/bin/npm',
1 verbose cli   'run',
1 verbose cli   'start' ]
2 info using npm@3.10.10
3 info using node@v6.14.4
4 verbose run-script [ 'prestart', 'start', 'poststart' ]
5 info lifecycle runebase-mobile-api-server@0.3.2~prestart: runebase-mobile-api-server@0.3.2
6 silly lifecycle runebase-mobile-api-server@0.3.2~prestart: no script for prestart, continuing
7 info lifecycle runebase-mobile-api-server@0.3.2~start: runebase-mobile-api-server@0.3.2
8 verbose lifecycle runebase-mobile-api-server@0.3.2~start: unsafe-perm in lifecycle true
9 verbose lifecycle runebase-mobile-api-server@0.3.2~start: PATH: /home/bago/.nvm/versions/node/v6.14.4/lib/node_modules/npm/bin/node-gyp-bin:/home/bago/mobile-api-runebase/node_modules/.bin:/home/bago/.nvm/versions/node/v6.14.4/bin:/home/bago/bin:/home/bago/.local/bin:/usr/local/sbin:/usr/local/bin:/usr/sbin:/usr/bin:/sbin:/bin:/usr/games:/usr/local/games:/snap/bin:/usr/lib/jvm/java-8-oracle/bin:/usr/lib/jvm/java-8-oracle/db/bin:/usr/lib/jvm/java-8-oracle/jre/bin
10 verbose lifecycle runebase-mobile-api-server@0.3.2~start: CWD: /home/bago/mobile-api-runebase
11 silly lifecycle runebase-mobile-api-server@0.3.2~start: Args: [ '-c', 'node server.js' ]
12 silly lifecycle runebase-mobile-api-server@0.3.2~start: Returned: code: 7  signal: null
13 info lifecycle runebase-mobile-api-server@0.3.2~start: Failed to exec start script
14 verbose stack Error: runebase-mobile-api-server@0.3.2 start: `node server.js`
14 verbose stack Exit status 7
14 verbose stack     at EventEmitter.<anonymous> (/home/bago/.nvm/versions/node/v6.14.4/lib/node_modules/npm/lib/utils/lifecycle.js:255:16)
14 verbose stack     at emitTwo (events.js:106:13)
14 verbose stack     at EventEmitter.emit (events.js:191:7)
14 verbose stack     at ChildProcess.<anonymous> (/home/bago/.nvm/versions/node/v6.14.4/lib/node_modules/npm/lib/utils/spawn.js:40:14)
14 verbose stack     at emitTwo (events.js:106:13)
14 verbose stack     at ChildProcess.emit (events.js:191:7)
14 verbose stack     at maybeClose (internal/child_process.js:920:16)
14 verbose stack     at Process.ChildProcess._handle.onexit (internal/child_process.js:230:5)
15 verbose pkgid runebase-mobile-api-server@0.3.2
16 verbose cwd /home/bago/mobile-api-runebase
17 error Linux 4.10.0-28-generic
18 error argv "/home/bago/.nvm/versions/node/v6.14.4/bin/node" "/home/bago/.nvm/versions/node/v6.14.4/bin/npm" "run" "start"
19 error node v6.14.4
20 error npm  v3.10.10
21 error code ELIFECYCLE
22 error runebase-mobile-api-server@0.3.2 start: `node server.js`
22 error Exit status 7
23 error Failed at the runebase-mobile-api-server@0.3.2 start script 'node server.js'.
23 error Make sure you have the latest version of node.js and npm installed.
23 error If you do, this is most likely a problem with the runebase-mobile-api-server package,
23 error not with npm itself.
23 error Tell the author that this fails on your system:
23 error     node server.js
23 error You can get information on how to open an issue for this project with:
23 error     npm bugs runebase-mobile-api-server
23 error Or if that isn't available, you can get their info via:
23 error     npm owner ls runebase-mobile-api-server
23 error There is likely additional logging output above.
24 verbose exit [ 1, true ]
